This is XeTeX, Version 3.141592653-2.6-0.999994 (TeX Live 2022) (preloaded format=xelatex 2022.12.14)  6 JAN 2023 13:03
entering extended mode
 restricted \write18 enabled.
 %&-line parsing enabled.
**land_designations.tex
(./land_designations.tex
LaTeX2e <2022-11-01> patch level 1
L3 programming layer <2022-11-02> (c:/Users/CMADSEN/AppData/Roaming/TinyTeX/texmf-dist/tex/latex/koma-script/scrartcl.cls
Document Class: scrartcl 2022/10/12 v3.38 KOMA-Script document class (article)
(c:/Users/CMADSEN/AppData/Roaming/TinyTeX/texmf-dist/tex/latex/koma-script/scrkbase.sty
Package: scrkbase 2022/10/12 v3.38 KOMA-Script package (KOMA-Script-dependent basics and keyval usage)
(c:/Users/CMADSEN/AppData/Roaming/TinyTeX/texmf-dist/tex/latex/koma-script/scrbase.sty
Package: scrbase 2022/10/12 v3.38 KOMA-Script package (KOMA-Script-independent basics and keyval usage)
(c:/Users/CMADSEN/AppData/Roaming/TinyTeX/texmf-dist/tex/latex/koma-script/scrlfile.sty
Package: scrlfile 2022/10/12 v3.38 KOMA-Script package (file load hooks)
(c:/Users/CMADSEN/AppData/Roaming/TinyTeX/texmf-dist/tex/latex/koma-script/scrlfile-hook.sty
Package: scrlfile-hook 2022/10/12 v3.38 KOMA-Script package (using LaTeX hooks)
(c:/Users/CMADSEN/AppData/Roaming/TinyTeX/texmf-dist/tex/latex/koma-script/scrlogo.sty
Package: scrlogo 2022/10/12 v3.38 KOMA-Script package (logo)
))) (c:/Users/CMADSEN/AppData/Roaming/TinyTeX/texmf-dist/tex/latex/graphics/keyval.sty
Package: keyval 2022/05/29 v1.15 key=value parser (DPC)
\KV@toks@=\toks16
)
Applying: [2021/05/01] Usage of raw or classic option list on input line 252.
Already applied: [0000/00/00] Usage of raw or classic option list on input line 368.
)) (c:/Users/CMADSEN/AppData/Roaming/TinyTeX/texmf-dist/tex/latex/koma-script/tocbasic.sty
Package: tocbasic 2022/10/12 v3.38 KOMA-Script package (handling toc-files)
\scr@dte@tocline@numberwidth=\skip48
\scr@dte@tocline@numbox=\box51
)
Package tocbasic Info: omitting babel extension for `toc'
(tocbasic)             because of feature `nobabel' available
(tocbasic)             for `toc' on input line 135.
Package scrartcl Info: You've used standard option `11pt'.
(scrartcl)             This is correct!
(scrartcl)             Internally I'm using `fontsize=11pt'.
(scrartcl)             If you'd like to set the option with \KOMAoptions,
(scrartcl)             you'd have to use `fontsize=11pt' there
(scrartcl)             instead of `11pt', too.
Class scrartcl Info: File `scrsize11pt.clo' used to setup font sizes on input line 2367.
(c:/Users/CMADSEN/AppData/Roaming/TinyTeX/texmf-dist/tex/latex/koma-script/scrsize11pt.clo
File: scrsize11pt.clo 2022/10/12 v3.38 KOMA-Script font size class option (11pt)
) (c:/Users/CMADSEN/AppData/Roaming/TinyTeX/texmf-dist/tex/latex/koma-script/typearea.sty
Package: typearea 2022/10/12 v3.38 KOMA-Script package (type area)
\ta@bcor=\skip49
\ta@div=\count181
Package typearea Info: You've used standard option `a4paper'.
(typearea)             This is correct!
(typearea)             Internally I'm using `paper=a4'.
(typearea)             If you'd like to set the option with \KOMAoptions,
(typearea)             you'd have to use `paper=a4' there
(typearea)             instead of `a4paper', too.
\ta@hblk=\skip50
\ta@vblk=\skip51
\ta@temp=\skip52
\footheight=\skip53
Package typearea Info: These are the values describing the layout:
(typearea)             DIV  = 10
(typearea)             BCOR = 0.0pt
(typearea)             \paperwidth      = 597.50793pt
(typearea)              \textwidth      = 418.25555pt
(typearea)              DIV departure   = -6%
(typearea)              \evensidemargin = 17.3562pt
(typearea)              \oddsidemargin  = 17.3562pt
(typearea)             \paperheight     = 845.04694pt
(typearea)              \textheight     = 595.80026pt
(typearea)              \topmargin      = -25.16531pt
(typearea)              \headheight     = 17.0pt
(typearea)              \headsep        = 20.40001pt
(typearea)              \topskip        = 11.0pt
(typearea)              \footskip       = 47.6pt
(typearea)              \baselineskip   = 13.6pt
(typearea)              on input line 1767.
)
\c@part=\count182
\c@section=\count183
\c@subsection=\count184
\c@subsubsection=\count185
\c@paragraph=\count186
\c@subparagraph=\count187
\scr@dte@section@maxnumwidth=\skip54
Class scrartcl Info: using compatibility default `runin=bysign'
(scrartcl)           for `\section on input line 4994.
Class scrartcl Info: using compatibility default `afterindent=bysign'
(scrartcl)           for `\section on input line 4994.
\scr@dte@part@maxnumwidth=\skip55
Class scrartcl Info: using compatibility default `afterindent=false'
(scrartcl)           for `\part on input line 5002.
\scr@dte@subsection@maxnumwidth=\skip56
Class scrartcl Info: using compatibility default `runin=bysign'
(scrartcl)           for `\subsection on input line 5012.
Class scrartcl Info: using compatibility default `afterindent=bysign'
(scrartcl)           for `\subsection on input line 5012.
\scr@dte@subsubsection@maxnumwidth=\skip57
Class scrartcl Info: using compatibility default `runin=bysign'
(scrartcl)           for `\subsubsection on input line 5022.
Class scrartcl Info: using compatibility default `afterindent=bysign'
(scrartcl)           for `\subsubsection on input line 5022.
\scr@dte@paragraph@maxnumwidth=\skip58
Class scrartcl Info: using compatibility default `runin=bysign'
(scrartcl)           for `\paragraph on input line 5033.
Class scrartcl Info: using compatibility default `afterindent=bysign'
(scrartcl)           for `\paragraph on input line 5033.
\scr@dte@subparagraph@maxnumwidth=\skip59
Class scrartcl Info: using compatibility default `runin=bysign'
(scrartcl)           for `\subparagraph on input line 5043.
Class scrartcl Info: using compatibility default `afterindent=bysign'
(scrartcl)           for `\subparagraph on input line 5043.
\abovecaptionskip=\skip60
\belowcaptionskip=\skip61
\c@pti@nb@sid@b@x=\box52
Package tocbasic Info: omitting babel extension for `lof'
(tocbasic)             because of feature `nobabel' available
(tocbasic)             for `lof' on input line 6211.
\scr@dte@figure@maxnumwidth=\skip62
\c@figure=\count188
Package tocbasic Info: omitting babel extension for `lot'
(tocbasic)             because of feature `nobabel' available
(tocbasic)             for `lot' on input line 6227.
\scr@dte@table@maxnumwidth=\skip63
\c@table=\count189
Class scrartcl Info: Redefining `\numberline' on input line 6397.
\bibindent=\dimen140
) (c:/Users/CMADSEN/AppData/Roaming/TinyTeX/texmf-dist/tex/latex/geometry/geometry.sty
Package: geometry 2020/01/02 v5.9 Page Geometry
(c:/Users/CMADSEN/AppData/Roaming/TinyTeX/texmf-dist/tex/generic/iftex/ifvtex.sty
Package: ifvtex 2019/10/25 v1.7 ifvtex legacy package. Use iftex instead.
(c:/Users/CMADSEN/AppData/Roaming/TinyTeX/texmf-dist/tex/generic/iftex/iftex.sty
Package: iftex 2022/02/03 v1.0f TeX engine tests
))
\Gm@cnth=\count190
\Gm@cntv=\count191
\c@Gm@tempcnt=\count192
\Gm@bindingoffset=\dimen141
\Gm@wd@mp=\dimen142
\Gm@odd@mp=\dimen143
\Gm@even@mp=\dimen144
\Gm@layoutwidth=\dimen145
\Gm@layoutheight=\dimen146
\Gm@layouthoffset=\dimen147
\Gm@layoutvoffset=\dimen148
\Gm@dimlist=\toks17
) (c:/Users/CMADSEN/AppData/Roaming/TinyTeX/texmf-dist/tex/latex/graphics/graphicx.sty
Package: graphicx 2021/09/16 v1.2d Enhanced LaTeX Graphics (DPC,SPQR)
(c:/Users/CMADSEN/AppData/Roaming/TinyTeX/texmf-dist/tex/latex/graphics/graphics.sty
Package: graphics 2022/03/10 v1.4e Standard LaTeX Graphics (DPC,SPQR)
(c:/Users/CMADSEN/AppData/Roaming/TinyTeX/texmf-dist/tex/latex/graphics/trig.sty
Package: trig 2021/08/11 v1.11 sin cos tan (DPC)
) (c:/Users/CMADSEN/AppData/Roaming/TinyTeX/texmf-dist/tex/latex/graphics-cfg/graphics.cfg
File: graphics.cfg 2016/06/04 v1.11 sample graphics configuration
)
Package graphics Info: Driver file: xetex.def on input line 107.
(c:/Users/CMADSEN/AppData/Roaming/TinyTeX/texmf-dist/tex/latex/graphics-def/xetex.def
File: xetex.def 2022/09/22 v5.0n Graphics/color driver for xetex
))
\Gin@req@height=\dimen149
\Gin@req@width=\dimen150
) (c:/Users/CMADSEN/AppData/Roaming/TinyTeX/texmf-dist/tex/latex/grffile/grffile.sty
Package: grffile 2019/11/11 v2.1 Extended file name support for graphics (legacy)
Package grffile Info: This package is an empty stub for compatibility on input line 40.
)

Class scrartcl Warning: Usage of package `fancyhdr' together
(scrartcl)              with a KOMA-Script class is not recommended.
(scrartcl)              I'd suggest to use 
(scrartcl)              package `scrlayer' or `scrlayer-scrpage', because
(scrartcl)              they support KOMA-Script classes.
(scrartcl)              With `fancyhdr' several features of class `scrartcl'
(scrartcl)              like options `headsepline', `footsepline' or command
(scrartcl)              `\MakeMarkcase' and the commands `\setkomafont' and
(scrartcl)              `\addtokomafont' for the page style elements need
(scrartcl)              explicite user intervention to work.
(scrartcl)              Nevertheless, using requested
(scrartcl)              package `fancyhdr' on input line 21.

(c:/Users/CMADSEN/AppData/Roaming/TinyTeX/texmf-dist/tex/latex/fancyhdr/fancyhdr.sty
Package: fancyhdr 2022/11/09 v4.1 Extensive control of page headers and footers
\f@nch@headwidth=\skip64
\f@nch@O@elh=\skip65
\f@nch@O@erh=\skip66
\f@nch@O@olh=\skip67
\f@nch@O@orh=\skip68
\f@nch@O@elf=\skip69
\f@nch@O@erf=\skip70
\f@nch@O@olf=\skip71
\f@nch@O@orf=\skip72
) (c:/Users/CMADSEN/AppData/Roaming/TinyTeX/texmf-dist/tex/generic/xstring/xstring.sty (c:/Users/CMADSEN/AppData/Roaming/TinyTeX/texmf-dist/tex/generic/xstring/xstring.tex
\integerpart=\count193
\decimalpart=\count194
)
Package: xstring 2021/07/21 v1.84 String manipulations (CT)
) (c:/Users/CMADSEN/AppData/Roaming/TinyTeX/texmf-dist/tex/latex/graphics/lscape.sty
Package: lscape 2020/05/28 v3.02 Landscape Pages (DPC)
) (c:/Users/CMADSEN/AppData/Roaming/TinyTeX/texmf-dist/tex/latex/caption/caption.sty
Package: caption 2022/03/01 v3.6b Customizing captions (AR)
(c:/Users/CMADSEN/AppData/Roaming/TinyTeX/texmf-dist/tex/latex/caption/caption3.sty
Package: caption3 2022/03/17 v2.3b caption3 kernel (AR)
\caption@tempdima=\dimen151
\captionmargin=\dimen152
\caption@leftmargin=\dimen153
\caption@rightmargin=\dimen154
\caption@width=\dimen155
\caption@indent=\dimen156
\caption@parindent=\dimen157
\caption@hangindent=\dimen158
Package caption Info: KOMA-Script document class detected.
(c:/Users/CMADSEN/AppData/Roaming/TinyTeX/texmf-dist/tex/latex/caption/caption-koma.sto
File: caption-koma.sto 2020/09/21 v2.0b Adaption of the caption package to the KOMA-Script document classes (AR)
))
\c@caption@flags=\count195
\c@continuedfloat=\count196
) (c:/Users/CMADSEN/AppData/Roaming/TinyTeX/texmf-dist/tex/latex/amsfonts/amssymb.sty
Package: amssymb 2013/01/14 v3.01 AMS font symbols
(c:/Users/CMADSEN/AppData/Roaming/TinyTeX/texmf-dist/tex/latex/amsfonts/amsfonts.sty
Package: amsfonts 2013/01/14 v3.01 Basic AMSFonts support
\@emptytoks=\toks18
\symAMSa=\mathgroup4
\symAMSb=\mathgroup5
LaTeX Font Info:    Redeclaring math symbol \hbar on input line 98.
LaTeX Font Info:    Overwriting math alphabet `\mathfrak' in version `bold'
(Font)                  U/euf/m/n --> U/euf/b/n on input line 106.
)) (c:/Users/CMADSEN/AppData/Roaming/TinyTeX/texmf-dist/tex/latex/amsmath/amsmath.sty
Package: amsmath 2022/04/08 v2.17n AMS math features
\@mathmargin=\skip73
For additional information on amsmath, use the `?' option.
(c:/Users/CMADSEN/AppData/Roaming/TinyTeX/texmf-dist/tex/latex/amsmath/amstext.sty
Package: amstext 2021/08/26 v2.01 AMS text
(c:/Users/CMADSEN/AppData/Roaming/TinyTeX/texmf-dist/tex/latex/amsmath/amsgen.sty
File: amsgen.sty 1999/11/30 v2.0 generic functions
\@emptytoks=\toks19
\ex@=\dimen159
)) (c:/Users/CMADSEN/AppData/Roaming/TinyTeX/texmf-dist/tex/latex/amsmath/amsbsy.sty
Package: amsbsy 1999/11/29 v1.2d Bold Symbols
\pmbraise@=\dimen160
) (c:/Users/CMADSEN/AppData/Roaming/TinyTeX/texmf-dist/tex/latex/amsmath/amsopn.sty
Package: amsopn 2022/04/08 v2.04 operator names
)
\inf@bad=\count197
LaTeX Info: Redefining \frac on input line 234.
\uproot@=\count198
\leftroot@=\count199
LaTeX Info: Redefining \overline on input line 399.
LaTeX Info: Redefining \colon on input line 410.
\classnum@=\count266
\DOTSCASE@=\count267
LaTeX Info: Redefining \ldots on input line 496.
LaTeX Info: Redefining \dots on input line 499.
LaTeX Info: Redefining \cdots on input line 620.
\Mathstrutbox@=\box53
\strutbox@=\box54
LaTeX Info: Redefining \big on input line 722.
LaTeX Info: Redefining \Big on input line 723.
LaTeX Info: Redefining \bigg on input line 724.
LaTeX Info: Redefining \Bigg on input line 725.
\big@size=\dimen161
LaTeX Font Info:    Redeclaring font encoding OML on input line 743.
LaTeX Font Info:    Redeclaring font encoding OMS on input line 744.
\macc@depth=\count268
LaTeX Info: Redefining \bmod on input line 905.
LaTeX Info: Redefining \pmod on input line 910.
LaTeX Info: Redefining \smash on input line 940.
LaTeX Info: Redefining \relbar on input line 970.
LaTeX Info: Redefining \Relbar on input line 971.
\c@MaxMatrixCols=\count269
\dotsspace@=\muskip16
\c@parentequation=\count270
\dspbrk@lvl=\count271
\tag@help=\toks20
\row@=\count272
\column@=\count273
\maxfields@=\count274
\andhelp@=\toks21
\eqnshift@=\dimen162
\alignsep@=\dimen163
\tagshift@=\dimen164
\tagwidth@=\dimen165
\totwidth@=\dimen166
\lineht@=\dimen167
\@envbody=\toks22
\multlinegap=\skip74
\multlinetaggap=\skip75
\mathdisplay@stack=\toks23
LaTeX Info: Redefining \[ on input line 2953.
LaTeX Info: Redefining \] on input line 2954.
) (c:/Users/CMADSEN/AppData/Roaming/TinyTeX/texmf-dist/tex/generic/iftex/ifxetex.sty
Package: ifxetex 2019/10/25 v0.7 ifxetex legacy package. Use iftex instead.
) (c:/Users/CMADSEN/AppData/Roaming/TinyTeX/texmf-dist/tex/generic/iftex/ifluatex.sty
Package: ifluatex 2019/10/25 v1.5 ifluatex legacy package. Use iftex instead.
) (c:/Users/CMADSEN/AppData/Roaming/TinyTeX/texmf-dist/tex/latex/base/fixltx2e.sty
Package: fixltx2e 2016/12/29 v2.1a fixes to LaTeX (obsolete)
Applying: [2015/01/01] Old fixltx2e package on input line 46.

Package fixltx2e Warning: fixltx2e is not required with releases after 2015
(fixltx2e)                All fixes are now in the LaTeX kernel.
(fixltx2e)                See the latexrelease package for details.

Already applied: [0000/00/00] Old fixltx2e package on input line 53.
) (c:/Users/CMADSEN/AppData/Roaming/TinyTeX/texmf-dist/tex/xelatex/mathspec/mathspec.sty
Package: mathspec 2016/12/22 v0.2b LaTeX Package (Mathematics font selection for XeLaTeX)
(c:/Users/CMADSEN/AppData/Roaming/TinyTeX/texmf-dist/tex/latex/etoolbox/etoolbox.sty
Package: etoolbox 2020/10/05 v2.5k e-TeX tools for LaTeX (JAW)
\etb@tempcnta=\count275
) (c:/Users/CMADSEN/AppData/Roaming/TinyTeX/texmf-dist/tex/latex/fontspec/fontspec.sty (c:/Users/CMADSEN/AppData/Roaming/TinyTeX/texmf-dist/tex/latex/l3packages/xparse/xparse.sty (c:/Users/CMADSEN/AppData/Roaming/TinyTeX/texmf-dist/tex/latex/l3kernel/expl3.sty
Package: expl3 2022-11-02 L3 programming layer (loader) 
(c:/Users/CMADSEN/AppData/Roaming/TinyTeX/texmf-dist/tex/latex/l3backend/l3backend-xetex.def
File: l3backend-xetex.def 2022-10-26 L3 backend support: XeTeX
\g__graphics_track_int=\count276
\l__pdf_internal_box=\box55
\g__pdf_backend_object_int=\count277
\g__pdf_backend_annotation_int=\count278
\g__pdf_backend_link_int=\count279
))
Package: xparse 2022-06-22 L3 Experimental document command parser
)
Package: fontspec 2022/01/15 v2.8a Font selection for XeLaTeX and LuaLaTeX
(c:/Users/CMADSEN/AppData/Roaming/TinyTeX/texmf-dist/tex/latex/fontspec/fontspec-xetex.sty
Package: fontspec-xetex 2022/01/15 v2.8a Font selection for XeLaTeX and LuaLaTeX
\l__fontspec_script_int=\count280
\l__fontspec_language_int=\count281
\l__fontspec_strnum_int=\count282
\l__fontspec_tmp_int=\count283
\l__fontspec_tmpa_int=\count284
\l__fontspec_tmpb_int=\count285
\l__fontspec_tmpc_int=\count286
\l__fontspec_em_int=\count287
\l__fontspec_emdef_int=\count288
\l__fontspec_strong_int=\count289
\l__fontspec_strongdef_int=\count290
\l__fontspec_tmpa_dim=\dimen168
\l__fontspec_tmpb_dim=\dimen169
\l__fontspec_tmpc_dim=\dimen170
(c:/Users/CMADSEN/AppData/Roaming/TinyTeX/texmf-dist/tex/latex/base/fontenc.sty
Package: fontenc 2021/04/29 v2.0v Standard LaTeX package
) (c:/Users/CMADSEN/AppData/Roaming/TinyTeX/texmf-dist/tex/latex/fontspec/fontspec.cfg))) (c:/Users/CMADSEN/AppData/Roaming/TinyTeX/texmf-dist/tex/latex/xkeyval/xkeyval.sty
Package: xkeyval 2022/06/16 v2.9 package option processing (HA)
(c:/Users/CMADSEN/AppData/Roaming/TinyTeX/texmf-dist/tex/generic/xkeyval/xkeyval.tex (c:/Users/CMADSEN/AppData/Roaming/TinyTeX/texmf-dist/tex/generic/xkeyval/xkvutils.tex
\XKV@toks=\toks24
\XKV@tempa@toks=\toks25
)
\XKV@depth=\count291
File: xkeyval.tex 2014/12/03 v2.7a key=value parser (HA)
))
\c@eu@=\count292
\c@eu@i=\count293
\c@mkern=\count294
) (c:/Users/CMADSEN/AppData/Roaming/TinyTeX/texmf-dist/tex/xelatex/xltxtra/xltxtra.sty
Package: xltxtra 2018/12/31 v0.7 Improvements for the "XeLaTeX" format
(c:/Users/CMADSEN/AppData/Roaming/TinyTeX/texmf-dist/tex/latex/realscripts/realscripts.sty
Package: realscripts 2016/02/13 v0.3d Access OpenType subscripts and superscripts
\subsupersep=\dimen171
) (c:/Users/CMADSEN/AppData/Roaming/TinyTeX/texmf-dist/tex/latex/metalogo/metalogo.sty
Package: metalogo 2010/05/29 v0.12 Extended TeX logo macros
\xl@everylogo=\toks26
\xl@@everylogo=\toks27
LaTeX Info: Redefining \TeX on input line 193.
LaTeX Info: Redefining \LaTeX on input line 202.
LaTeX Info: Redefining \LaTeXe on input line 219.
)
\l__xetex_show_hyphens_wrapping_box=\box56
\l__xetex_show_hyphens_temp_box=\box57
\l__xetex_show_hyphens_final_box=\box58
\g__xetex_show_hyphens_word_box=\box59
) (c:/Users/CMADSEN/AppData/Roaming/TinyTeX/texmf-dist/tex/xelatex/xunicode/xunicode.sty
File: xunicode.sty 2011/09/09 v0.981 provides access to latin accents and many other characters in Unicode lower plane
(c:/Users/CMADSEN/AppData/Roaming/TinyTeX/texmf-dist/tex/latex/tipa/t3enc.def
File: t3enc.def 2001/12/31 T3 encoding
)
\tipaTiiicode=\count295
\tipasavetokens=\toks28
\tipachecktokens=\toks29
)

Package fontspec Info: Palatino Linotype scale = 0.8311539639799423.


Package fontspec Info: Palatino Linotype scale = 0.8311539639799423.


Package fontspec Info: Palatino Linotype scale = 0.8311539639799423.


Package fontspec Info: Palatino Linotype/B scale = 0.8311539639799423.


Package fontspec Info: Palatino Linotype/B scale = 0.8311539639799423.


Package fontspec Info: Palatino Linotype/I scale = 0.8311539639799423.


Package fontspec Info: Palatino Linotype/I scale = 0.8311539639799423.


Package fontspec Info: Palatino Linotype/BI scale = 0.8311539639799423.


Package fontspec Info: Palatino Linotype/BI scale = 0.8311539639799423.


Package fontspec Info: Font family 'PalatinoLinotype(0)' created for font
(fontspec)             'Palatino Linotype' with options
(fontspec)             [Mapping=tex-text,Scale=MatchLowercase,Ligatures=TeX].
(fontspec)              
(fontspec)              This font family consists of the following NFSS
(fontspec)             series/shapes:
(fontspec)              
(fontspec)             - 'normal' (m/n) with NFSS spec.:
(fontspec)             <->s*[0.8311539639799423]"Palatino
(fontspec)             Linotype/OT:script=latn;language=dflt;mapping=tex-text;"
(fontspec)             - 'small caps'  (m/sc) with NFSS spec.:
(fontspec)             <->s*[0.8311539639799423]"Palatino
(fontspec)             Linotype/OT:script=latn;language=dflt;+smcp;mapping=tex-text;"
(fontspec)             - 'bold' (b/n) with NFSS spec.:
(fontspec)             <->s*[0.8311539639799423]"Palatino
(fontspec)             Linotype/B/OT:script=latn;language=dflt;mapping=tex-text;"
(fontspec)             - 'bold small caps'  (b/sc) with NFSS spec.:
(fontspec)             <->s*[0.8311539639799423]"Palatino
(fontspec)             Linotype/B/OT:script=latn;language=dflt;+smcp;mapping=tex-text;"
(fontspec)             - 'italic' (m/it) with NFSS spec.:
(fontspec)             <->s*[0.8311539639799423]"Palatino
(fontspec)             Linotype/I/OT:script=latn;language=dflt;mapping=tex-text;"
(fontspec)             - 'italic small caps'  (m/scit) with NFSS spec.:
(fontspec)             <->s*[0.8311539639799423]"Palatino
(fontspec)             Linotype/I/OT:script=latn;language=dflt;+smcp;mapping=tex-text;"
(fontspec)             - 'bold italic' (b/it) with NFSS spec.:
(fontspec)             <->s*[0.8311539639799423]"Palatino
(fontspec)             Linotype/BI/OT:script=latn;language=dflt;mapping=tex-text;"
(fontspec)             - 'bold italic small caps'  (b/scit) with NFSS spec.:
(fontspec)             <->s*[0.8311539639799423]"Palatino
(fontspec)             Linotype/BI/OT:script=latn;language=dflt;+smcp;mapping=tex-text;"

LaTeX Font Info:    Font shape `TU/PalatinoLinotype(0)/m/n' will be
(Font)              scaled to size 9.10121pt on input line 76.

Package fontspec Info: Calibri scale = 0.9281729490953722.


Package fontspec Info: Calibri scale = 0.9281729490953722.


Package fontspec Info: Calibri scale = 0.9281729490953722.


Package fontspec Info: Calibri/B scale = 0.9194702498625088.


Package fontspec Info: Calibri/B scale = 0.9194702498625088.


Package fontspec Info: Calibri/I scale = 0.9223520430376878.


Package fontspec Info: Calibri/I scale = 0.9223520430376878.


Package fontspec Info: Calibri/BI scale = 0.9194702498625088.


Package fontspec Info: Calibri/BI scale = 0.9194702498625088.


Package fontspec Info: Font family 'Calibri(0)' created for font 'Calibri'
(fontspec)             with options
(fontspec)             [Mapping=tex-text,Scale=MatchLowercase,Ligatures=TeX].
(fontspec)              
(fontspec)              This font family consists of the following NFSS
(fontspec)             series/shapes:
(fontspec)              
(fontspec)             - 'normal' (m/n) with NFSS spec.:
(fontspec)             <->s*[0.9281729490953722]"Calibri/OT:script=latn;language=dflt;mapping=tex-text;"
(fontspec)             - 'small caps'  (m/sc) with NFSS spec.:
(fontspec)             <->s*[0.9281729490953722]"Calibri/OT:script=latn;language=dflt;+smcp;mapping=tex-text;"
(fontspec)             - 'bold' (b/n) with NFSS spec.:
(fontspec)             <->s*[0.9194702498625088]"Calibri/B/OT:script=latn;language=dflt;mapping=tex-text;"
(fontspec)             - 'bold small caps'  (b/sc) with NFSS spec.:
(fontspec)             <->s*[0.9194702498625088]"Calibri/B/OT:script=latn;language=dflt;+smcp;mapping=tex-text;"
(fontspec)             - 'italic' (m/it) with NFSS spec.:
(fontspec)             <->s*[0.9223520430376878]"Calibri/I/OT:script=latn;language=dflt;mapping=tex-text;"
(fontspec)             - 'italic small caps'  (m/scit) with NFSS spec.:
(fontspec)             <->s*[0.9223520430376878]"Calibri/I/OT:script=latn;language=dflt;+smcp;mapping=tex-text;"
(fontspec)             - 'bold italic' (b/it) with NFSS spec.:
(fontspec)             <->s*[0.9194702498625088]"Calibri/BI/OT:script=latn;language=dflt;mapping=tex-text;"
(fontspec)             - 'bold italic small caps'  (b/scit) with NFSS spec.:
(fontspec)             <->s*[0.9194702498625088]"Calibri/BI/OT:script=latn;language=dflt;+smcp;mapping=tex-text;"

(c:/Users/CMADSEN/AppData/Roaming/TinyTeX/texmf-dist/tex/latex/hyperref/hyperref.sty
Package: hyperref 2022-11-13 v7.00u Hypertext links for LaTeX
(c:/Users/CMADSEN/AppData/Roaming/TinyTeX/texmf-dist/tex/generic/ltxcmds/ltxcmds.sty
Package: ltxcmds 2020-05-10 v1.25 LaTeX kernel commands for general use (HO)
) (c:/Users/CMADSEN/AppData/Roaming/TinyTeX/texmf-dist/tex/generic/pdftexcmds/pdftexcmds.sty
Package: pdftexcmds 2020-06-27 v0.33 Utility functions of pdfTeX for LuaTeX (HO)
(c:/Users/CMADSEN/AppData/Roaming/TinyTeX/texmf-dist/tex/generic/infwarerr/infwarerr.sty
Package: infwarerr 2019/12/03 v1.5 Providing info/warning/error messages (HO)
)
Package pdftexcmds Info: \pdf@primitive is available.
Package pdftexcmds Info: \pdf@ifprimitive is available.
Package pdftexcmds Info: \pdfdraftmode not found.
) (c:/Users/CMADSEN/AppData/Roaming/TinyTeX/texmf-dist/tex/latex/kvsetkeys/kvsetkeys.sty
Package: kvsetkeys 2022-10-05 v1.19 Key value parser (HO)
) (c:/Users/CMADSEN/AppData/Roaming/TinyTeX/texmf-dist/tex/generic/kvdefinekeys/kvdefinekeys.sty
Package: kvdefinekeys 2019-12-19 v1.6 Define keys (HO)
) (c:/Users/CMADSEN/AppData/Roaming/TinyTeX/texmf-dist/tex/generic/pdfescape/pdfescape.sty
Package: pdfescape 2019/12/09 v1.15 Implements pdfTeX's escape features (HO)
) (c:/Users/CMADSEN/AppData/Roaming/TinyTeX/texmf-dist/tex/latex/hycolor/hycolor.sty
Package: hycolor 2020-01-27 v1.10 Color options for hyperref/bookmark (HO)
) (c:/Users/CMADSEN/AppData/Roaming/TinyTeX/texmf-dist/tex/latex/letltxmacro/letltxmacro.sty
Package: letltxmacro 2019/12/03 v1.6 Let assignment for LaTeX macros (HO)
) (c:/Users/CMADSEN/AppData/Roaming/TinyTeX/texmf-dist/tex/latex/auxhook/auxhook.sty
Package: auxhook 2019-12-17 v1.6 Hooks for auxiliary files (HO)
) (c:/Users/CMADSEN/AppData/Roaming/TinyTeX/texmf-dist/tex/latex/hyperref/nameref.sty
Package: nameref 2022-05-17 v2.50 Cross-referencing by name of section
(c:/Users/CMADSEN/AppData/Roaming/TinyTeX/texmf-dist/tex/latex/refcount/refcount.sty
Package: refcount 2019/12/15 v3.6 Data extraction from label references (HO)
) (c:/Users/CMADSEN/AppData/Roaming/TinyTeX/texmf-dist/tex/generic/gettitlestring/gettitlestring.sty
Package: gettitlestring 2019/12/15 v1.6 Cleanup title references (HO)
(c:/Users/CMADSEN/AppData/Roaming/TinyTeX/texmf-dist/tex/latex/kvoptions/kvoptions.sty
Package: kvoptions 2022-06-15 v3.15 Key value format for package options (HO)
))
\c@section@level=\count296
)
\@linkdim=\dimen172
\Hy@linkcounter=\count297
\Hy@pagecounter=\count298
(c:/Users/CMADSEN/AppData/Roaming/TinyTeX/texmf-dist/tex/latex/hyperref/pd1enc.def
File: pd1enc.def 2022-11-13 v7.00u Hyperref: PDFDocEncoding definition (HO)
) (c:/Users/CMADSEN/AppData/Roaming/TinyTeX/texmf-dist/tex/generic/intcalc/intcalc.sty
Package: intcalc 2019/12/15 v1.3 Expandable calculations with integers (HO)
) (c:/Users/CMADSEN/AppData/Roaming/TinyTeX/texmf-dist/tex/generic/etexcmds/etexcmds.sty
Package: etexcmds 2019/12/15 v1.7 Avoid name clashes with e-TeX commands (HO)
)
\Hy@SavedSpaceFactor=\count299
(c:/Users/CMADSEN/AppData/Roaming/TinyTeX/texmf-dist/tex/latex/hyperref/puenc.def
File: puenc.def 2022-11-13 v7.00u Hyperref: PDF Unicode definition (HO)
(c:/Users/CMADSEN/AppData/Roaming/TinyTeX/texmf-dist/tex/latex/hyperref/puenc-greekbasic.def
File: puenc-greekbasic.def 2022-11-13 v7.00u Hyperref: PDF Unicode definition (greek block) (HO)
))
Package hyperref Info: Option `setpagesize' set `false' on input line 4045.
Package hyperref Info: Option `unicode' set `false' on input line 4045.
Package hyperref Info: Hyper figures OFF on input line 4162.
Package hyperref Info: Link nesting OFF on input line 4167.
Package hyperref Info: Hyper index ON on input line 4170.
Package hyperref Info: Plain pages OFF on input line 4177.
Package hyperref Info: Backreferencing OFF on input line 4182.
Package hyperref Info: Implicit mode ON; LaTeX internals redefined.
Package hyperref Info: Bookmarks ON on input line 4410.
\c@Hy@tempcnt=\count300
(c:/Users/CMADSEN/AppData/Roaming/TinyTeX/texmf-dist/tex/latex/url/url.sty
\Urlmuskip=\muskip17
Package: url 2013/09/16  ver 3.4  Verb mode for urls, etc.
)
LaTeX Info: Redefining \url on input line 4748.
\XeTeXLinkMargin=\dimen173
(c:/Users/CMADSEN/AppData/Roaming/TinyTeX/texmf-dist/tex/generic/bitset/bitset.sty
Package: bitset 2019/12/09 v1.3 Handle bit-vector datatype (HO)
(c:/Users/CMADSEN/AppData/Roaming/TinyTeX/texmf-dist/tex/generic/bigintcalc/bigintcalc.sty
Package: bigintcalc 2019/12/15 v1.5 Expandable calculations on big integers (HO)
))
\Fld@menulength=\count301
\Field@Width=\dimen174
\Fld@charsize=\dimen175
Package hyperref Info: Hyper figures OFF on input line 6027.
Package hyperref Info: Link nesting OFF on input line 6032.
Package hyperref Info: Hyper index ON on input line 6035.
Package hyperref Info: backreferencing OFF on input line 6042.
Package hyperref Info: Link coloring OFF on input line 6047.
Package hyperref Info: Link coloring with OCG OFF on input line 6052.
Package hyperref Info: PDF/A mode OFF on input line 6057.
(c:/Users/CMADSEN/AppData/Roaming/TinyTeX/texmf-dist/tex/latex/base/atbegshi-ltx.sty
Package: atbegshi-ltx 2021/01/10 v1.0c Emulation of the original atbegshi
package with kernel methods
)
\Hy@abspage=\count302
\c@Item=\count303
\c@Hfootnote=\count304
)
Package hyperref Info: Driver: hxetex.
(c:/Users/CMADSEN/AppData/Roaming/TinyTeX/texmf-dist/tex/latex/hyperref/hxetex.def
File: hxetex.def 2022-11-13 v7.00u Hyperref driver for XeTeX
(c:/Users/CMADSEN/AppData/Roaming/TinyTeX/texmf-dist/tex/generic/stringenc/stringenc.sty
Package: stringenc 2019/11/29 v1.12 Convert strings between diff. encodings (HO)
)
\pdfm@box=\box60
\c@Hy@AnnotLevel=\count305
\HyField@AnnotCount=\count306
\Fld@listcount=\count307
\c@bookmark@seq@number=\count308
(c:/Users/CMADSEN/AppData/Roaming/TinyTeX/texmf-dist/tex/latex/rerunfilecheck/rerunfilecheck.sty
Package: rerunfilecheck 2022-07-10 v1.10 Rerun checks for auxiliary files (HO)
(c:/Users/CMADSEN/AppData/Roaming/TinyTeX/texmf-dist/tex/latex/base/atveryend-ltx.sty
Package: atveryend-ltx 2020/08/19 v1.0a Emulation of the original atveryend package
with kernel methods
) (c:/Users/CMADSEN/AppData/Roaming/TinyTeX/texmf-dist/tex/generic/uniquecounter/uniquecounter.sty
Package: uniquecounter 2019/12/15 v1.4 Provide unlimited unique counter (HO)
)
Package uniquecounter Info: New unique counter `rerunfilecheck' on input line 285.
)
\Hy@SectionHShift=\skip76
)
Package hyperref Info: Option `breaklinks' set `true' on input line 106.

Package hyperref Warning: Option `bookmarks' has already been used,
(hyperref)                setting the option has no effect on input line 106.

(c:/Users/CMADSEN/AppData/Roaming/TinyTeX/texmf-dist/tex/generic/stringenc/se-ascii-print.def
File: se-ascii-print.def 2019/11/29 v1.12 stringenc: Printable ASCII characters
)
Package hyperref Info: Option `colorlinks' set `true' on input line 106.
(./land_designations.aux)
\openout1 = `land_designations.aux'.

LaTeX Font Info:    Checking defaults for OML/cmm/m/it on input line 126.
LaTeX Font Info:    ... okay on input line 126.
LaTeX Font Info:    Checking defaults for OMS/cmsy/m/n on input line 126.
LaTeX Font Info:    ... okay on input line 126.
LaTeX Font Info:    Checking defaults for OT1/cmr/m/n on input line 126.
LaTeX Font Info:    ... okay on input line 126.
LaTeX Font Info:    Checking defaults for T1/cmr/m/n on input line 126.
LaTeX Font Info:    ... okay on input line 126.
LaTeX Font Info:    Checking defaults for TS1/cmr/m/n on input line 126.
LaTeX Font Info:    Trying to load font information for TS1+cmr on input line 126.
(c:/Users/CMADSEN/AppData/Roaming/TinyTeX/texmf-dist/tex/latex/base/ts1cmr.fd
File: ts1cmr.fd 2022/07/10 v2.5l Standard LaTeX font definitions
)
LaTeX Font Info:    ... okay on input line 126.
LaTeX Font Info:    Checking defaults for TU/lmr/m/n on input line 126.
LaTeX Font Info:    ... okay on input line 126.
LaTeX Font Info:    Checking defaults for OMX/cmex/m/n on input line 126.
LaTeX Font Info:    ... okay on input line 126.
LaTeX Font Info:    Checking defaults for U/cmr/m/n on input line 126.
LaTeX Font Info:    ... okay on input line 126.
LaTeX Font Info:    Checking defaults for T3/cmr/m/n on input line 126.
LaTeX Font Info:    Trying to load font information for T3+cmr on input line 126.
(c:/Users/CMADSEN/AppData/Roaming/TinyTeX/texmf-dist/tex/latex/tipa/t3cmr.fd
File: t3cmr.fd 2001/12/31 TIPA font definitions
)
LaTeX Font Info:    ... okay on input line 126.
LaTeX Font Info:    Checking defaults for PD1/pdf/m/n on input line 126.
LaTeX Font Info:    ... okay on input line 126.
LaTeX Font Info:    Checking defaults for PU/pdf/m/n on input line 126.
LaTeX Font Info:    ... okay on input line 126.
Package scrbase Info: activating english \abstractname on input line 126.
Package scrbase Info: activating english \partname on input line 126.
Package scrbase Info: activating english \figurename on input line 126.
Package scrbase Info: activating english \tablename on input line 126.
Package scrbase Info: activating english \contentsname on input line 126.
Package scrbase Info: activating english \listfigurename on input line 126.
Package scrbase Info: activating english \listtablename on input line 126.
Package scrbase Info: activating english \refname on input line 126.
Package scrbase Info: activating english \indexname on input line 126.
*geometry* driver: auto-detecting
*geometry* detected driver: xetex

Package geometry Warning: The marginal notes overrun the paper.
     Add 1.45901pt and more to the right margin.

*geometry* verbose mode - [ preamble ] result:
* driver: xetex
* paper: a4paper
* layout: <same size as paper>
* layoutoffset:(h,v)=(0.0pt,0.0pt)
* modes: 
* h-part:(L,W,R)=(71.13188pt, 455.24411pt, 71.13188pt)
* v-part:(T,H,B)=(99.58464pt, 674.33032pt, 71.13188pt)
* \paperwidth=597.50787pt
* \paperheight=845.04684pt
* \textwidth=455.24411pt
* \textheight=674.33032pt
* \oddsidemargin=-1.1381pt
* \evensidemargin=-1.1381pt
* \topmargin=-29.59084pt
* \headheight=42.67912pt
* \headsep=14.22636pt
* \topskip=11.0pt
* \footskip=47.6pt
* \marginparwidth=59.7508pt
* \marginparsep=12.8401pt
* \columnsep=10.0pt
* \skip\footins=10.0pt plus 4.0pt minus 2.0pt
* \hoffset=0.0pt
* \voffset=0.0pt
* \mag=1000
* \@twocolumnfalse
* \@twosidefalse
* \@mparswitchfalse
* \@reversemarginfalse
* (1in=72.27pt=25.4mm, 1cm=28.453pt)

Package caption Info: Begin \AtBeginDocument code.
Package caption Info: hyperref package is loaded.
Package caption Info: End \AtBeginDocument code.
(c:/Users/CMADSEN/AppData/Roaming/TinyTeX/texmf-dist/tex/latex/graphics/color.sty
Package: color 2022/01/06 v1.3d Standard LaTeX Color (DPC)
(c:/Users/CMADSEN/AppData/Roaming/TinyTeX/texmf-dist/tex/latex/graphics-cfg/color.cfg
File: color.cfg 2016/01/02 v1.6 sample color configuration
)
Package color Info: Driver file: xetex.def on input line 149.
(c:/Users/CMADSEN/AppData/Roaming/TinyTeX/texmf-dist/tex/latex/graphics/mathcolor.ltx))
Package hyperref Info: Link coloring ON on input line 126.
(./land_designations.out) (./land_designations.out)
\@outlinefile=\write3
\openout3 = `land_designations.out'.

Class scrartcl Info: loading recommended package `bookmark'.
(scrartcl)           Using `bookmark' together with `hyperref' is recommended,
(scrartcl)           because of handling of possible bookmark level gaps.
(scrartcl)           You can avoid loading `bookmark' with KOMA-Script option
(scrartcl)           `bookmarkpackage=false' before \begin{document} and
(scrartcl)           you can avoid this message adding:
(scrartcl)             \usepackage{bookmark}
(scrartcl)           before \begin{document} on input line 126.
(c:/Users/CMADSEN/AppData/Roaming/TinyTeX/texmf-dist/tex/latex/bookmark/bookmark.sty
Package: bookmark 2020-11-06 v1.29 PDF bookmarks (HO)
(c:/Users/CMADSEN/AppData/Roaming/TinyTeX/texmf-dist/tex/latex/bookmark/bkm-dvipdfm.def
File: bkm-dvipdfm.def 2020-11-06 v1.29 bookmark driver for dvipdfm (HO)
\BKM@id=\count309
))
LaTeX Font Info:    Font shape `TU/Calibri(0)/m/n' will be
(Font)              scaled to size 10.16353pt on input line 128.
LaTeX Font Info:    Font shape `TU/Calibri(0)/b/n' will be
(Font)              scaled to size 10.06812pt on input line 128.
LaTeX Font Info:    Font shape `TU/Calibri(0)/b/n' will be
(Font)              scaled to size 19.06969pt on input line 128.
File: C:/Users/CMADSEN/AppData/Local/Programs/R/R-4.2.1/library/envreportutils.internal/rmarkdown/templates/print_ver/resources/img//land.png Graphic file (type bmp)
<C:/Users/CMADSEN/AppData/Local/Programs/R/R-4.2.1/library/envreportutils.internal/rmarkdown/templates/print_ver/resources/img//land.png>
LaTeX Font Info:    Font shape `TU/Calibri(0)/b/n' will be
(Font)              scaled to size 22.87627pt on input line 128.
LaTeX Font Info:    Font shape `TU/Calibri(0)/b/n' will be
(Font)              scaled to size 11.03357pt on input line 128.
LaTeX Font Info:    Font shape `TU/Calibri(0)/b/n' will be
(Font)              scaled to size 15.88834pt on input line 128.
LaTeX Font Info:    Font shape `TU/PalatinoLinotype(0)/m/n' will be
(Font)              scaled to size 11.96872pt on input line 128.
LaTeX Font Info:    Trying to load font information for U+msa on input line 128.
(c:/Users/CMADSEN/AppData/Roaming/TinyTeX/texmf-dist/tex/latex/amsfonts/umsa.fd
File: umsa.fd 2013/01/14 v3.01 AMS symbols A
)
LaTeX Font Info:    Trying to load font information for U+msb on input line 128.
(c:/Users/CMADSEN/AppData/Roaming/TinyTeX/texmf-dist/tex/latex/amsfonts/umsb.fd
File: umsb.fd 2013/01/14 v3.01 AMS symbols B
)

LaTeX Warning: No \author given.

LaTeX Font Info:    Font shape `TU/PalatinoLinotype(0)/b/n' will be
(Font)              scaled to size 9.10121pt on input line 142.

Overfull \hbox (2.47536pt too wide) in paragraph at lines 185--185
[][] 
 []

File: land_designations_files/figure-latex/forest_figures-1.pdf Graphic file (type pdf)
<use land_designations_files/figure-latex/forest_figures-1.pdf>

Overfull \hbox (9.10757pt too wide) in paragraph at lines 192--193
[] 
 []

File: C:/Users/CMADSEN/AppData/Local/Programs/R/R-4.2.1/library/envreportutils.internal/rmarkdown/templates/print_ver/resources/img//MoE_EnvReportBC.pdf Graphic file (type pdf)
<use C:/Users/CMADSEN/AppData/Local/Programs/R/R-4.2.1/library/envreportutils.internal/rmarkdown/templates/print_ver/resources/img//MoE_EnvReportBC.pdf>

Package fancyhdr Warning: \headheight is too small (42.67912pt): 
(fancyhdr)                Make it at least 59.081pt, for example:
(fancyhdr)                \setlength{\headheight}{59.081pt}.
(fancyhdr)                You might also make \topmargin smaller to compensate:
(fancyhdr)                \addtolength{\topmargin}{-16.40187pt}.

[1


]
File: C:/Users/CMADSEN/AppData/Local/Programs/R/R-4.2.1/library/envreportutils.internal/rmarkdown/templates/print_ver/resources/img//MoE_EnvReportBC.pdf Graphic file (type pdf)
<use C:/Users/CMADSEN/AppData/Local/Programs/R/R-4.2.1/library/envreportutils.internal/rmarkdown/templates/print_ver/resources/img//MoE_EnvReportBC.pdf>

Package fancyhdr Warning: \headheight is too small (42.67912pt): 
(fancyhdr)                Make it at least 59.081pt, for example:
(fancyhdr)                \setlength{\headheight}{59.081pt}.
(fancyhdr)                You might also make \topmargin smaller to compensate:
(fancyhdr)                \addtolength{\topmargin}{-16.40187pt}.

[2]
File: land_designations_files/figure-latex/mine_figures-1.pdf Graphic file (type pdf)
<use land_designations_files/figure-latex/mine_figures-1.pdf>

Overfull \hbox (9.10757pt too wide) in paragraph at lines 200--201
[] 
 []

File: C:/Users/CMADSEN/AppData/Local/Programs/R/R-4.2.1/library/envreportutils.internal/rmarkdown/templates/print_ver/resources/img//MoE_EnvReportBC.pdf Graphic file (type pdf)
<use C:/Users/CMADSEN/AppData/Local/Programs/R/R-4.2.1/library/envreportutils.internal/rmarkdown/templates/print_ver/resources/img//MoE_EnvReportBC.pdf>

Package fancyhdr Warning: \headheight is too small (42.67912pt): 
(fancyhdr)                Make it at least 59.081pt, for example:
(fancyhdr)                \setlength{\headheight}{59.081pt}.
(fancyhdr)                You might also make \topmargin smaller to compensate:
(fancyhdr)                \addtolength{\topmargin}{-16.40187pt}.

[3]
File: land_designations_files/figure-latex/og_figures-1.pdf Graphic file (type pdf)
<use land_designations_files/figure-latex/og_figures-1.pdf>

Overfull \hbox (9.10757pt too wide) in paragraph at lines 208--209
[] 
 []

LaTeX Font Info:    Font shape `TU/Calibri(0)/b/n' will be
(Font)              scaled to size 13.24026pt on input line 211.
File: land_designations_files/figure-latex/unnamed-chunk-2-1.pdf Graphic file (type pdf)
<use land_designations_files/figure-latex/unnamed-chunk-2-1.pdf>

Overfull \hbox (9.10757pt too wide) in paragraph at lines 213--214
[] 
 []

File: C:/Users/CMADSEN/AppData/Local/Programs/R/R-4.2.1/library/envreportutils.internal/rmarkdown/templates/print_ver/resources/img//MoE_EnvReportBC.pdf Graphic file (type pdf)
<use C:/Users/CMADSEN/AppData/Local/Programs/R/R-4.2.1/library/envreportutils.internal/rmarkdown/templates/print_ver/resources/img//MoE_EnvReportBC.pdf>

Package fancyhdr Warning: \headheight is too small (42.67912pt): 
(fancyhdr)                Make it at least 59.081pt, for example:
(fancyhdr)                \setlength{\headheight}{59.081pt}.
(fancyhdr)                You might also make \topmargin smaller to compensate:
(fancyhdr)                \addtolength{\topmargin}{-16.40187pt}.

[4]
File: C:/Users/CMADSEN/AppData/Local/Programs/R/R-4.2.1/library/envreportutils.internal/rmarkdown/templates/print_ver/resources/img//MoE_EnvReportBC.pdf Graphic file (type pdf)
<use C:/Users/CMADSEN/AppData/Local/Programs/R/R-4.2.1/library/envreportutils.internal/rmarkdown/templates/print_ver/resources/img//MoE_EnvReportBC.pdf>

Package fancyhdr Warning: \headheight is too small (42.67912pt): 
(fancyhdr)                Make it at least 59.081pt, for example:
(fancyhdr)                \setlength{\headheight}{59.081pt}.
(fancyhdr)                You might also make \topmargin smaller to compensate:
(fancyhdr)                \addtolength{\topmargin}{-16.40187pt}.

[5]
Overfull \vbox (6.2291pt too high) has occurred while \output is active []

File: C:/Users/CMADSEN/AppData/Local/Programs/R/R-4.2.1/library/envreportutils.internal/rmarkdown/templates/print_ver/resources/img//MoE_EnvReportBC.pdf Graphic file (type pdf)
<use C:/Users/CMADSEN/AppData/Local/Programs/R/R-4.2.1/library/envreportutils.internal/rmarkdown/templates/print_ver/resources/img//MoE_EnvReportBC.pdf>

Package fancyhdr Warning: \headheight is too small (42.67912pt): 
(fancyhdr)                Make it at least 59.081pt, for example:
(fancyhdr)                \setlength{\headheight}{59.081pt}.
(fancyhdr)                You might also make \topmargin smaller to compensate:
(fancyhdr)                \addtolength{\topmargin}{-16.40187pt}.

[6]
File: land_designations_files/figure-latex/unnamed-chunk-2-2.pdf Graphic file (type pdf)
<use land_designations_files/figure-latex/unnamed-chunk-2-2.pdf>

Overfull \hbox (9.10757pt too wide) in paragraph at lines 216--217
[][] 
 []

File: C:/Users/CMADSEN/AppData/Local/Programs/R/R-4.2.1/library/envreportutils.internal/rmarkdown/templates/print_ver/resources/img//MoE_EnvReportBC.pdf Graphic file (type pdf)
<use C:/Users/CMADSEN/AppData/Local/Programs/R/R-4.2.1/library/envreportutils.internal/rmarkdown/templates/print_ver/resources/img//MoE_EnvReportBC.pdf>

Package fancyhdr Warning: \headheight is too small (42.67912pt): 
(fancyhdr)                Make it at least 59.081pt, for example:
(fancyhdr)                \setlength{\headheight}{59.081pt}.
(fancyhdr)                You might also make \topmargin smaller to compensate:
(fancyhdr)                \addtolength{\topmargin}{-16.40187pt}.

[7]
File: land_designations_files/figure-latex/unnamed-chunk-2-3.pdf Graphic file (type pdf)
<use land_designations_files/figure-latex/unnamed-chunk-2-3.pdf>

Overfull \hbox (9.10757pt too wide) in paragraph at lines 219--220
[][] 
 []

File: C:/Users/CMADSEN/AppData/Local/Programs/R/R-4.2.1/library/envreportutils.internal/rmarkdown/templates/print_ver/resources/img//MoE_EnvReportBC.pdf Graphic file (type pdf)
<use C:/Users/CMADSEN/AppData/Local/Programs/R/R-4.2.1/library/envreportutils.internal/rmarkdown/templates/print_ver/resources/img//MoE_EnvReportBC.pdf>

Package fancyhdr Warning: \headheight is too small (42.67912pt): 
(fancyhdr)                Make it at least 59.081pt, for example:
(fancyhdr)                \setlength{\headheight}{59.081pt}.
(fancyhdr)                You might also make \topmargin smaller to compensate:
(fancyhdr)                \addtolength{\topmargin}{-16.40187pt}.

[8]
File: land_designations_files/figure-latex/unnamed-chunk-2-4.pdf Graphic file (type pdf)
<use land_designations_files/figure-latex/unnamed-chunk-2-4.pdf>

Overfull \hbox (9.10757pt too wide) in paragraph at lines 222--223
[][] 
 []

File: C:/Users/CMADSEN/AppData/Local/Programs/R/R-4.2.1/library/envreportutils.internal/rmarkdown/templates/print_ver/resources/img//MoE_EnvReportBC.pdf Graphic file (type pdf)
<use C:/Users/CMADSEN/AppData/Local/Programs/R/R-4.2.1/library/envreportutils.internal/rmarkdown/templates/print_ver/resources/img//MoE_EnvReportBC.pdf>

Package fancyhdr Warning: \headheight is too small (42.67912pt): 
(fancyhdr)                Make it at least 59.081pt, for example:
(fancyhdr)                \setlength{\headheight}{59.081pt}.
(fancyhdr)                You might also make \topmargin smaller to compensate:
(fancyhdr)                \addtolength{\topmargin}{-16.40187pt}.

[9]
File: land_designations_files/figure-latex/unnamed-chunk-2-5.pdf Graphic file (type pdf)
<use land_designations_files/figure-latex/unnamed-chunk-2-5.pdf>

Overfull \hbox (9.10757pt too wide) in paragraph at lines 225--226
[][] 
 []

File: C:/Users/CMADSEN/AppData/Local/Programs/R/R-4.2.1/library/envreportutils.internal/rmarkdown/templates/print_ver/resources/img//MoE_EnvReportBC.pdf Graphic file (type pdf)
<use C:/Users/CMADSEN/AppData/Local/Programs/R/R-4.2.1/library/envreportutils.internal/rmarkdown/templates/print_ver/resources/img//MoE_EnvReportBC.pdf>

Package fancyhdr Warning: \headheight is too small (42.67912pt): 
(fancyhdr)                Make it at least 59.081pt, for example:
(fancyhdr)                \setlength{\headheight}{59.081pt}.
(fancyhdr)                You might also make \topmargin smaller to compensate:
(fancyhdr)                \addtolength{\topmargin}{-16.40187pt}.

[10]
File: land_designations_files/figure-latex/unnamed-chunk-2-6.pdf Graphic file (type pdf)
<use land_designations_files/figure-latex/unnamed-chunk-2-6.pdf>

Overfull \hbox (9.10757pt too wide) in paragraph at lines 228--229
[][] 
 []

File: C:/Users/CMADSEN/AppData/Local/Programs/R/R-4.2.1/library/envreportutils.internal/rmarkdown/templates/print_ver/resources/img//MoE_EnvReportBC.pdf Graphic file (type pdf)
<use C:/Users/CMADSEN/AppData/Local/Programs/R/R-4.2.1/library/envreportutils.internal/rmarkdown/templates/print_ver/resources/img//MoE_EnvReportBC.pdf>

Package fancyhdr Warning: \headheight is too small (42.67912pt): 
(fancyhdr)                Make it at least 59.081pt, for example:
(fancyhdr)                \setlength{\headheight}{59.081pt}.
(fancyhdr)                You might also make \topmargin smaller to compensate:
(fancyhdr)                \addtolength{\topmargin}{-16.40187pt}.

[11]
File: land_designations_files/figure-latex/unnamed-chunk-2-7.pdf Graphic file (type pdf)
<use land_designations_files/figure-latex/unnamed-chunk-2-7.pdf>

Overfull \hbox (9.10757pt too wide) in paragraph at lines 231--232
[][] 
 []

File: C:/Users/CMADSEN/AppData/Local/Programs/R/R-4.2.1/library/envreportutils.internal/rmarkdown/templates/print_ver/resources/img//MoE_EnvReportBC.pdf Graphic file (type pdf)
<use C:/Users/CMADSEN/AppData/Local/Programs/R/R-4.2.1/library/envreportutils.internal/rmarkdown/templates/print_ver/resources/img//MoE_EnvReportBC.pdf>

Package fancyhdr Warning: \headheight is too small (42.67912pt): 
(fancyhdr)                Make it at least 59.081pt, for example:
(fancyhdr)                \setlength{\headheight}{59.081pt}.
(fancyhdr)                You might also make \topmargin smaller to compensate:
(fancyhdr)                \addtolength{\topmargin}{-16.40187pt}.

[12]
File: land_designations_files/figure-latex/unnamed-chunk-2-8.pdf Graphic file (type pdf)
<use land_designations_files/figure-latex/unnamed-chunk-2-8.pdf>

Overfull \hbox (9.10757pt too wide) in paragraph at lines 234--235
[][] 
 []

File: C:/Users/CMADSEN/AppData/Local/Programs/R/R-4.2.1/library/envreportutils.internal/rmarkdown/templates/print_ver/resources/img//MoE_EnvReportBC.pdf Graphic file (type pdf)
<use C:/Users/CMADSEN/AppData/Local/Programs/R/R-4.2.1/library/envreportutils.internal/rmarkdown/templates/print_ver/resources/img//MoE_EnvReportBC.pdf>

Package fancyhdr Warning: \headheight is too small (42.67912pt): 
(fancyhdr)                Make it at least 59.081pt, for example:
(fancyhdr)                \setlength{\headheight}{59.081pt}.
(fancyhdr)                You might also make \topmargin smaller to compensate:
(fancyhdr)                \addtolength{\topmargin}{-16.40187pt}.

[13]
File: land_designations_files/figure-latex/unnamed-chunk-2-9.pdf Graphic file (type pdf)
<use land_designations_files/figure-latex/unnamed-chunk-2-9.pdf>

Overfull \hbox (9.10757pt too wide) in paragraph at lines 237--238
[][] 
 []

File: C:/Users/CMADSEN/AppData/Local/Programs/R/R-4.2.1/library/envreportutils.internal/rmarkdown/templates/print_ver/resources/img//MoE_EnvReportBC.pdf Graphic file (type pdf)
<use C:/Users/CMADSEN/AppData/Local/Programs/R/R-4.2.1/library/envreportutils.internal/rmarkdown/templates/print_ver/resources/img//MoE_EnvReportBC.pdf>

Package fancyhdr Warning: \headheight is too small (42.67912pt): 
(fancyhdr)                Make it at least 59.081pt, for example:
(fancyhdr)                \setlength{\headheight}{59.081pt}.
(fancyhdr)                You might also make \topmargin smaller to compensate:
(fancyhdr)                \addtolength{\topmargin}{-16.40187pt}.

[14]
File: land_designations_files/figure-latex/unnamed-chunk-2-10.pdf Graphic file (type pdf)
<use land_designations_files/figure-latex/unnamed-chunk-2-10.pdf>

Overfull \hbox (9.10757pt too wide) in paragraph at lines 240--241
[][] 
 []

File: C:/Users/CMADSEN/AppData/Local/Programs/R/R-4.2.1/library/envreportutils.internal/rmarkdown/templates/print_ver/resources/img//MoE_EnvReportBC.pdf Graphic file (type pdf)
<use C:/Users/CMADSEN/AppData/Local/Programs/R/R-4.2.1/library/envreportutils.internal/rmarkdown/templates/print_ver/resources/img//MoE_EnvReportBC.pdf>

Package fancyhdr Warning: \headheight is too small (42.67912pt): 
(fancyhdr)                Make it at least 59.081pt, for example:
(fancyhdr)                \setlength{\headheight}{59.081pt}.
(fancyhdr)                You might also make \topmargin smaller to compensate:
(fancyhdr)                \addtolength{\topmargin}{-16.40187pt}.

[15]
File: land_designations_files/figure-latex/unnamed-chunk-2-11.pdf Graphic file (type pdf)
<use land_designations_files/figure-latex/unnamed-chunk-2-11.pdf>

Overfull \hbox (9.10757pt too wide) in paragraph at lines 243--244
[][] 
 []

File: C:/Users/CMADSEN/AppData/Local/Programs/R/R-4.2.1/library/envreportutils.internal/rmarkdown/templates/print_ver/resources/img//MoE_EnvReportBC.pdf Graphic file (type pdf)
<use C:/Users/CMADSEN/AppData/Local/Programs/R/R-4.2.1/library/envreportutils.internal/rmarkdown/templates/print_ver/resources/img//MoE_EnvReportBC.pdf>

Package fancyhdr Warning: \headheight is too small (42.67912pt): 
(fancyhdr)                Make it at least 59.081pt, for example:
(fancyhdr)                \setlength{\headheight}{59.081pt}.
(fancyhdr)                You might also make \topmargin smaller to compensate:
(fancyhdr)                \addtolength{\topmargin}{-16.40187pt}.

[16]
File: land_designations_files/figure-latex/unnamed-chunk-2-12.pdf Graphic file (type pdf)
<use land_designations_files/figure-latex/unnamed-chunk-2-12.pdf>

Overfull \hbox (9.10757pt too wide) in paragraph at lines 246--247
[][] 
 []

File: C:/Users/CMADSEN/AppData/Local/Programs/R/R-4.2.1/library/envreportutils.internal/rmarkdown/templates/print_ver/resources/img//MoE_EnvReportBC.pdf Graphic file (type pdf)
<use C:/Users/CMADSEN/AppData/Local/Programs/R/R-4.2.1/library/envreportutils.internal/rmarkdown/templates/print_ver/resources/img//MoE_EnvReportBC.pdf>

Package fancyhdr Warning: \headheight is too small (42.67912pt): 
(fancyhdr)                Make it at least 59.081pt, for example:
(fancyhdr)                \setlength{\headheight}{59.081pt}.
(fancyhdr)                You might also make \topmargin smaller to compensate:
(fancyhdr)                \addtolength{\topmargin}{-16.40187pt}.

[17]
File: land_designations_files/figure-latex/unnamed-chunk-2-13.pdf Graphic file (type pdf)
<use land_designations_files/figure-latex/unnamed-chunk-2-13.pdf>

Overfull \hbox (9.10757pt too wide) in paragraph at lines 249--250
[][] 
 []

File: C:/Users/CMADSEN/AppData/Local/Programs/R/R-4.2.1/library/envreportutils.internal/rmarkdown/templates/print_ver/resources/img//MoE_EnvReportBC.pdf Graphic file (type pdf)
<use C:/Users/CMADSEN/AppData/Local/Programs/R/R-4.2.1/library/envreportutils.internal/rmarkdown/templates/print_ver/resources/img//MoE_EnvReportBC.pdf>

Package fancyhdr Warning: \headheight is too small (42.67912pt): 
(fancyhdr)                Make it at least 59.081pt, for example:
(fancyhdr)                \setlength{\headheight}{59.081pt}.
(fancyhdr)                You might also make \topmargin smaller to compensate:
(fancyhdr)                \addtolength{\topmargin}{-16.40187pt}.

[18]
File: land_designations_files/figure-latex/unnamed-chunk-2-14.pdf Graphic file (type pdf)
<use land_designations_files/figure-latex/unnamed-chunk-2-14.pdf>

Overfull \hbox (9.10757pt too wide) in paragraph at lines 252--253
[][] 
 []

File: C:/Users/CMADSEN/AppData/Local/Programs/R/R-4.2.1/library/envreportutils.internal/rmarkdown/templates/print_ver/resources/img//MoE_EnvReportBC.pdf Graphic file (type pdf)
<use C:/Users/CMADSEN/AppData/Local/Programs/R/R-4.2.1/library/envreportutils.internal/rmarkdown/templates/print_ver/resources/img//MoE_EnvReportBC.pdf>

Package fancyhdr Warning: \headheight is too small (42.67912pt): 
(fancyhdr)                Make it at least 59.081pt, for example:
(fancyhdr)                \setlength{\headheight}{59.081pt}.
(fancyhdr)                You might also make \topmargin smaller to compensate:
(fancyhdr)                \addtolength{\topmargin}{-16.40187pt}.

[19]
File: land_designations_files/figure-latex/unnamed-chunk-2-15.pdf Graphic file (type pdf)
<use land_designations_files/figure-latex/unnamed-chunk-2-15.pdf>

Overfull \hbox (9.10757pt too wide) in paragraph at lines 255--256
[][] 
 []

File: C:/Users/CMADSEN/AppData/Local/Programs/R/R-4.2.1/library/envreportutils.internal/rmarkdown/templates/print_ver/resources/img//MoE_EnvReportBC.pdf Graphic file (type pdf)
<use C:/Users/CMADSEN/AppData/Local/Programs/R/R-4.2.1/library/envreportutils.internal/rmarkdown/templates/print_ver/resources/img//MoE_EnvReportBC.pdf>

Package fancyhdr Warning: \headheight is too small (42.67912pt): 
(fancyhdr)                Make it at least 59.081pt, for example:
(fancyhdr)                \setlength{\headheight}{59.081pt}.
(fancyhdr)                You might also make \topmargin smaller to compensate:
(fancyhdr)                \addtolength{\topmargin}{-16.40187pt}.

[20]
File: land_designations_files/figure-latex/unnamed-chunk-2-16.pdf Graphic file (type pdf)
<use land_designations_files/figure-latex/unnamed-chunk-2-16.pdf>

Overfull \hbox (9.10757pt too wide) in paragraph at lines 258--259
[][] 
 []

File: C:/Users/CMADSEN/AppData/Local/Programs/R/R-4.2.1/library/envreportutils.internal/rmarkdown/templates/print_ver/resources/img//MoE_EnvReportBC.pdf Graphic file (type pdf)
<use C:/Users/CMADSEN/AppData/Local/Programs/R/R-4.2.1/library/envreportutils.internal/rmarkdown/templates/print_ver/resources/img//MoE_EnvReportBC.pdf>

Package fancyhdr Warning: \headheight is too small (42.67912pt): 
(fancyhdr)                Make it at least 59.081pt, for example:
(fancyhdr)                \setlength{\headheight}{59.081pt}.
(fancyhdr)                You might also make \topmargin smaller to compensate:
(fancyhdr)                \addtolength{\topmargin}{-16.40187pt}.

[21]
File: land_designations_files/figure-latex/unnamed-chunk-2-17.pdf Graphic file (type pdf)
<use land_designations_files/figure-latex/unnamed-chunk-2-17.pdf>

Overfull \hbox (9.10757pt too wide) in paragraph at lines 261--262
[][] 
 []

File: C:/Users/CMADSEN/AppData/Local/Programs/R/R-4.2.1/library/envreportutils.internal/rmarkdown/templates/print_ver/resources/img//MoE_EnvReportBC.pdf Graphic file (type pdf)
<use C:/Users/CMADSEN/AppData/Local/Programs/R/R-4.2.1/library/envreportutils.internal/rmarkdown/templates/print_ver/resources/img//MoE_EnvReportBC.pdf>

Package fancyhdr Warning: \headheight is too small (42.67912pt): 
(fancyhdr)                Make it at least 59.081pt, for example:
(fancyhdr)                \setlength{\headheight}{59.081pt}.
(fancyhdr)                You might also make \topmargin smaller to compensate:
(fancyhdr)                \addtolength{\topmargin}{-16.40187pt}.

[22]
File: land_designations_files/figure-latex/unnamed-chunk-2-18.pdf Graphic file (type pdf)
<use land_designations_files/figure-latex/unnamed-chunk-2-18.pdf>

Overfull \hbox (9.10757pt too wide) in paragraph at lines 264--265
[][] 
 []

File: C:/Users/CMADSEN/AppData/Local/Programs/R/R-4.2.1/library/envreportutils.internal/rmarkdown/templates/print_ver/resources/img//MoE_EnvReportBC.pdf Graphic file (type pdf)
<use C:/Users/CMADSEN/AppData/Local/Programs/R/R-4.2.1/library/envreportutils.internal/rmarkdown/templates/print_ver/resources/img//MoE_EnvReportBC.pdf>

Package fancyhdr Warning: \headheight is too small (42.67912pt): 
(fancyhdr)                Make it at least 59.081pt, for example:
(fancyhdr)                \setlength{\headheight}{59.081pt}.
(fancyhdr)                You might also make \topmargin smaller to compensate:
(fancyhdr)                \addtolength{\topmargin}{-16.40187pt}.

[23]
File: land_designations_files/figure-latex/unnamed-chunk-2-19.pdf Graphic file (type pdf)
<use land_designations_files/figure-latex/unnamed-chunk-2-19.pdf>

Overfull \hbox (9.10757pt too wide) in paragraph at lines 267--268
[][] 
 []

File: C:/Users/CMADSEN/AppData/Local/Programs/R/R-4.2.1/library/envreportutils.internal/rmarkdown/templates/print_ver/resources/img//MoE_EnvReportBC.pdf Graphic file (type pdf)
<use C:/Users/CMADSEN/AppData/Local/Programs/R/R-4.2.1/library/envreportutils.internal/rmarkdown/templates/print_ver/resources/img//MoE_EnvReportBC.pdf>

Package fancyhdr Warning: \headheight is too small (42.67912pt): 
(fancyhdr)                Make it at least 59.081pt, for example:
(fancyhdr)                \setlength{\headheight}{59.081pt}.
(fancyhdr)                You might also make \topmargin smaller to compensate:
(fancyhdr)                \addtolength{\topmargin}{-16.40187pt}.

[24]
File: land_designations_files/figure-latex/unnamed-chunk-2-20.pdf Graphic file (type pdf)
<use land_designations_files/figure-latex/unnamed-chunk-2-20.pdf>

Overfull \hbox (9.10757pt too wide) in paragraph at lines 270--271
[][] 
 []

File: C:/Users/CMADSEN/AppData/Local/Programs/R/R-4.2.1/library/envreportutils.internal/rmarkdown/templates/print_ver/resources/img//MoE_EnvReportBC.pdf Graphic file (type pdf)
<use C:/Users/CMADSEN/AppData/Local/Programs/R/R-4.2.1/library/envreportutils.internal/rmarkdown/templates/print_ver/resources/img//MoE_EnvReportBC.pdf>

Package fancyhdr Warning: \headheight is too small (42.67912pt): 
(fancyhdr)                Make it at least 59.081pt, for example:
(fancyhdr)                \setlength{\headheight}{59.081pt}.
(fancyhdr)                You might also make \topmargin smaller to compensate:
(fancyhdr)                \addtolength{\topmargin}{-16.40187pt}.

[25]
File: land_designations_files/figure-latex/unnamed-chunk-2-21.pdf Graphic file (type pdf)
<use land_designations_files/figure-latex/unnamed-chunk-2-21.pdf>

Overfull \hbox (9.10757pt too wide) in paragraph at lines 273--274
[][] 
 []

File: C:/Users/CMADSEN/AppData/Local/Programs/R/R-4.2.1/library/envreportutils.internal/rmarkdown/templates/print_ver/resources/img//MoE_EnvReportBC.pdf Graphic file (type pdf)
<use C:/Users/CMADSEN/AppData/Local/Programs/R/R-4.2.1/library/envreportutils.internal/rmarkdown/templates/print_ver/resources/img//MoE_EnvReportBC.pdf>

Package fancyhdr Warning: \headheight is too small (42.67912pt): 
(fancyhdr)                Make it at least 59.081pt, for example:
(fancyhdr)                \setlength{\headheight}{59.081pt}.
(fancyhdr)                You might also make \topmargin smaller to compensate:
(fancyhdr)                \addtolength{\topmargin}{-16.40187pt}.

[26]
File: land_designations_files/figure-latex/unnamed-chunk-2-22.pdf Graphic file (type pdf)
<use land_designations_files/figure-latex/unnamed-chunk-2-22.pdf>

Overfull \hbox (9.10757pt too wide) in paragraph at lines 276--277
[][] 
 []

File: C:/Users/CMADSEN/AppData/Local/Programs/R/R-4.2.1/library/envreportutils.internal/rmarkdown/templates/print_ver/resources/img//MoE_EnvReportBC.pdf Graphic file (type pdf)
<use C:/Users/CMADSEN/AppData/Local/Programs/R/R-4.2.1/library/envreportutils.internal/rmarkdown/templates/print_ver/resources/img//MoE_EnvReportBC.pdf>

Package fancyhdr Warning: \headheight is too small (42.67912pt): 
(fancyhdr)                Make it at least 59.081pt, for example:
(fancyhdr)                \setlength{\headheight}{59.081pt}.
(fancyhdr)                You might also make \topmargin smaller to compensate:
(fancyhdr)                \addtolength{\topmargin}{-16.40187pt}.

[27]
File: land_designations_files/figure-latex/unnamed-chunk-2-23.pdf Graphic file (type pdf)
<use land_designations_files/figure-latex/unnamed-chunk-2-23.pdf>

Overfull \hbox (9.10757pt too wide) in paragraph at lines 279--280
[][] 
 []

File: C:/Users/CMADSEN/AppData/Local/Programs/R/R-4.2.1/library/envreportutils.internal/rmarkdown/templates/print_ver/resources/img//MoE_EnvReportBC.pdf Graphic file (type pdf)
<use C:/Users/CMADSEN/AppData/Local/Programs/R/R-4.2.1/library/envreportutils.internal/rmarkdown/templates/print_ver/resources/img//MoE_EnvReportBC.pdf>

Package fancyhdr Warning: \headheight is too small (42.67912pt): 
(fancyhdr)                Make it at least 59.081pt, for example:
(fancyhdr)                \setlength{\headheight}{59.081pt}.
(fancyhdr)                You might also make \topmargin smaller to compensate:
(fancyhdr)                \addtolength{\topmargin}{-16.40187pt}.

[28]
LaTeX Font Info:    Font shape `TU/PalatinoLinotype(0)/m/it' will be
(Font)              scaled to size 9.10121pt on input line 295.
File: C:/Users/CMADSEN/AppData/Local/Programs/R/R-4.2.1/library/envreportutils.internal/rmarkdown/templates/print_ver/resources/img//MoE_EnvReportBC.pdf Graphic file (type pdf)
<use C:/Users/CMADSEN/AppData/Local/Programs/R/R-4.2.1/library/envreportutils.internal/rmarkdown/templates/print_ver/resources/img//MoE_EnvReportBC.pdf>

Package fancyhdr Warning: \headheight is too small (42.67912pt): 
(fancyhdr)                Make it at least 59.081pt, for example:
(fancyhdr)                \setlength{\headheight}{59.081pt}.
(fancyhdr)                You might also make \topmargin smaller to compensate:
(fancyhdr)                \addtolength{\topmargin}{-16.40187pt}.

[29] (./land_designations.aux)
Package rerunfilecheck Info: File `land_designations.out' has not changed.
(rerunfilecheck)             Checksum: D41D8CD98F00B204E9800998ECF8427E;0.
 ) 
Here is how much of TeX's memory you used:
 21599 strings out of 477640
 435621 string characters out of 5839440
 930668 words of memory out of 5000000
 42431 multiletter control sequences out of 15000+600000
 477154 words of font info for 94 fonts, out of 8000000 for 9000
 14 hyphenation exceptions out of 8191
 108i,15n,122p,10612b,400s stack positions out of 10000i,1000n,20000p,200000b,200000s

Output written on land_designations.pdf (29 pages).
